1556865488319	mozrunner::runner	INFO	Running command: "/usr/bin/firefox" "-marionette" "-foreground" "-no-remote" "-profile" "/tmp/rust_mozprofile.q4hog963Tu13"
1556865488811	addons.webextension.screenshots@mozilla.org	WARN	Loading extension 'screenshots@mozilla.org': Reading manifest: Invalid extension permission: mozillaAddons
1556865488811	addons.webextension.screenshots@mozilla.org	WARN	Loading extension 'screenshots@mozilla.org': Reading manifest: Invalid extension permission: resource://pdf.js/
1556865488811	addons.webextension.screenshots@mozilla.org	WARN	Loading extension 'screenshots@mozilla.org': Reading manifest: Invalid extension permission: about:reader*
1556865490376	Marionette	INFO	Listening on port 36072
1556865490426	Marionette	WARN	TLS certificate errors will be ignored for this session
[Parent 21555, Gecko_IOThread] WARNING: pipe error (79): 接続が相手からリセットされました: file /build/firefox-i2nBcb/firefox-66.0.3+build1/ipc/chromium/src/chrome/common/ipc_channel_posix.cc, line 357
1556865502198	Marionette	INFO	Stopped listening on port 36072
1556865532975	mozrunner::runner	INFO	Running command: "/usr/bin/firefox" "-marionette" "-foreground" "-no-remote" "-profile" "/tmp/rust_mozprofile.yQpft6cwj1pm"
1556865533341	addons.webextension.screenshots@mozilla.org	WARN	Loading extension 'screenshots@mozilla.org': Reading manifest: Invalid extension permission: mozillaAddons
1556865533342	addons.webextension.screenshots@mozilla.org	WARN	Loading extension 'screenshots@mozilla.org': Reading manifest: Invalid extension permission: resource://pdf.js/
1556865533342	addons.webextension.screenshots@mozilla.org	WARN	Loading extension 'screenshots@mozilla.org': Reading manifest: Invalid extension permission: about:reader*
1556865534728	Marionette	INFO	Listening on port 46123
1556865534783	Marionette	WARN	TLS certificate errors will be ignored for this session
[Parent 21832, Gecko_IOThread] WARNING: pipe error (79): 接続が相手からリセットされました: file /build/firefox-i2nBcb/firefox-66.0.3+build1/ipc/chromium/src/chrome/common/ipc_channel_posix.cc, line 357
1556865538504	Marionette	INFO	Stopped listening on port 46123
1556865545858	mozrunner::runner	INFO	Running command: "/usr/bin/firefox" "-marionette" "-foreground" "-no-remote" "-profile" "/tmp/rust_mozprofile.VgdvuC0x0iDz"
1556865546203	addons.webextension.screenshots@mozilla.org	WARN	Loading extension 'screenshots@mozilla.org': Reading manifest: Invalid extension permission: mozillaAddons
1556865546203	addons.webextension.screenshots@mozilla.org	WARN	Loading extension 'screenshots@mozilla.org': Reading manifest: Invalid extension permission: resource://pdf.js/
1556865546203	addons.webextension.screenshots@mozilla.org	WARN	Loading extension 'screenshots@mozilla.org': Reading manifest: Invalid extension permission: about:reader*
1556865547595	Marionette	INFO	Listening on port 35497
1556865547670	Marionette	WARN	TLS certificate errors will be ignored for this session
1556865549876	Marionette	INFO	Stopped listening on port 35497
[Parent 22070, Gecko_IOThread] WARNING: pipe error (79): 接続が相手からリセットされました: file /build/firefox-i2nBcb/firefox-66.0.3+build1/ipc/chromium/src/chrome/common/ipc_channel_posix.cc, line 357
[Parent 22070, Gecko_IOThread] WARNING: pipe error (85): 接続が相手からリセットされました: file /build/firefox-i2nBcb/firefox-66.0.3+build1/ipc/chromium/src/chrome/common/ipc_channel_posix.cc, line 357
1556865849610	mozrunner::runner	INFO	Running command: "/usr/bin/firefox" "-marionette" "-foreground" "-no-remote" "-profile" "/tmp/rust_mozprofile.m5uA5xkaNaIp"
1556865849976	addons.webextension.screenshots@mozilla.org	WARN	Loading extension 'screenshots@mozilla.org': Reading manifest: Invalid extension permission: mozillaAddons
1556865849976	addons.webextension.screenshots@mozilla.org	WARN	Loading extension 'screenshots@mozilla.org': Reading manifest: Invalid extension permission: resource://pdf.js/
1556865849976	addons.webextension.screenshots@mozilla.org	WARN	Loading extension 'screenshots@mozilla.org': Reading manifest: Invalid extension permission: about:reader*
1556865851396	Marionette	INFO	Listening on port 34445
1556865851433	Marionette	WARN	TLS certificate errors will be ignored for this session
JavaScript error: https://m.media-amazon.com/images/G/01/imdb/js/collections/pagelayout-2226816773._CB465113687_.js, line 8: TypeError: b.d is undefined
JavaScript error: https://m.media-amazon.com/images/G/01/imdb/js/collections/pagelayout-2226816773._CB465113687_.js, line 8: TypeError: b.d is undefined
JavaScript error: https://m.media-amazon.com/images/G/01/imdb/js/collections/pagelayout-2226816773._CB465113687_.js, line 8: TypeError: b.d is undefined
JavaScript error: https://m.media-amazon.com/images/G/01/imdb/js/collections/pagelayout-2226816773._CB465113687_.js, line 8: TypeError: b.d is undefined

###!!! [Child][RunMessage] Error: Channel closing: too late to send/recv, messages will be lost

[Parent 22818, Gecko_IOThread] WARNING: pipe error (98): 接続が相手からリセットされました: file /build/firefox-i2nBcb/firefox-66.0.3+build1/ipc/chromium/src/chrome/common/ipc_channel_posix.cc, line 357
[Parent 22818, Gecko_IOThread] WARNING: pipe error (123): 接続が相手からリセットされました: file /build/firefox-i2nBcb/firefox-66.0.3+build1/ipc/chromium/src/chrome/common/ipc_channel_posix.cc, line 357
1556865864899	Marionette	INFO	Stopped listening on port 34445
1556866000970	mozrunner::runner	INFO	Running command: "/usr/bin/firefox" "-marionette" "-foreground" "-no-remote" "-profile" "/tmp/rust_mozprofile.QpZtq4UQikwx"
1556866001331	addons.webextension.screenshots@mozilla.org	WARN	Loading extension 'screenshots@mozilla.org': Reading manifest: Invalid extension permission: mozillaAddons
1556866001331	addons.webextension.screenshots@mozilla.org	WARN	Loading extension 'screenshots@mozilla.org': Reading manifest: Invalid extension permission: resource://pdf.js/
1556866001331	addons.webextension.screenshots@mozilla.org	WARN	Loading extension 'screenshots@mozilla.org': Reading manifest: Invalid extension permission: about:reader*
1556866002694	Marionette	INFO	Listening on port 34310
1556866002776	Marionette	WARN	TLS certificate errors will be ignored for this session
JavaScript error: https://m.media-amazon.com/images/G/01/imdb/js/collections/pagelayout-2226816773._CB465113687_.js, line 8: TypeError: b.d is undefined
JavaScript error: https://m.media-amazon.com/images/G/01/imdb/js/collections/pagelayout-2226816773._CB465113687_.js, line 8: TypeError: b.d is undefined
JavaScript error: https://m.media-amazon.com/images/G/01/imdb/js/collections/pagelayout-2226816773._CB465113687_.js, line 8: TypeError: b.d is undefined
JavaScript error: https://m.media-amazon.com/images/G/01/imdb/js/collections/pagelayout-2226816773._CB465113687_.js, line 8: TypeError: b.d is undefined
[Parent 23163, Gecko_IOThread] WARNING: pipe error (87): 接続が相手からリセットされました: file /build/firefox-i2nBcb/firefox-66.0.3+build1/ipc/chromium/src/chrome/common/ipc_channel_posix.cc, line 357
[Parent 23163, Gecko_IOThread] WARNING: pipe error (121): 接続が相手からリセットされました: file /build/firefox-i2nBcb/firefox-66.0.3+build1/ipc/chromium/src/chrome/common/ipc_channel_posix.cc, line 357
[Parent 23163, Gecko_IOThread] WARNING: pipe error (79): 接続が相手からリセットされました: file /build/firefox-i2nBcb/firefox-66.0.3+build1/ipc/chromium/src/chrome/common/ipc_channel_posix.cc, line 357
1556866020264	Marionette	INFO	Stopped listening on port 34310
1556867102705	mozrunner::runner	INFO	Running command: "/usr/bin/firefox" "-marionette" "-foreground" "-no-remote" "-profile" "/tmp/rust_mozprofile.gZ6enFRI5oX9"
1556867103065	addons.webextension.screenshots@mozilla.org	WARN	Loading extension 'screenshots@mozilla.org': Reading manifest: Invalid extension permission: mozillaAddons
1556867103066	addons.webextension.screenshots@mozilla.org	WARN	Loading extension 'screenshots@mozilla.org': Reading manifest: Invalid extension permission: resource://pdf.js/
1556867103066	addons.webextension.screenshots@mozilla.org	WARN	Loading extension 'screenshots@mozilla.org': Reading manifest: Invalid extension permission: about:reader*
1556867104491	Marionette	INFO	Listening on port 45171
1556867104518	Marionette	WARN	TLS certificate errors will be ignored for this session
JavaScript error: https://m.media-amazon.com/images/G/01/imdb/js/collections/pagelayout-2226816773._CB465113687_.js, line 8: TypeError: b.d is undefined
JavaScript error: https://m.media-amazon.com/images/G/01/imdb/js/collections/pagelayout-2226816773._CB465113687_.js, line 8: TypeError: b.d is undefined
JavaScript error: https://m.media-amazon.com/images/G/01/imdb/js/collections/pagelayout-2226816773._CB465113687_.js, line 8: TypeError: b.d is undefined
JavaScript error: https://m.media-amazon.com/images/G/01/imdb/js/collections/pagelayout-2226816773._CB465113687_.js, line 8: TypeError: b.d is undefined
1556867188809	mozrunner::runner	INFO	Running command: "/usr/bin/firefox" "-marionette" "-foreground" "-no-remote" "-profile" "/tmp/rust_mozprofile.S07lML8h9ltU"
1556867189166	addons.webextension.screenshots@mozilla.org	WARN	Loading extension 'screenshots@mozilla.org': Reading manifest: Invalid extension permission: mozillaAddons
1556867189166	addons.webextension.screenshots@mozilla.org	WARN	Loading extension 'screenshots@mozilla.org': Reading manifest: Invalid extension permission: resource://pdf.js/
1556867189166	addons.webextension.screenshots@mozilla.org	WARN	Loading extension 'screenshots@mozilla.org': Reading manifest: Invalid extension permission: about:reader*
1556867190590	Marionette	INFO	Listening on port 36810
1556867190632	Marionette	WARN	TLS certificate errors will be ignored for this session
JavaScript error: https://m.media-amazon.com/images/G/01/imdb/js/collections/pagelayout-2226816773._CB465113687_.js, line 8: TypeError: b.d is undefined
JavaScript error: https://m.media-amazon.com/images/G/01/imdb/js/collections/pagelayout-2226816773._CB465113687_.js, line 8: TypeError: b.d is undefined
JavaScript error: https://m.media-amazon.com/images/G/01/imdb/js/collections/pagelayout-2226816773._CB465113687_.js, line 8: TypeError: b.d is undefined
JavaScript error: https://m.media-amazon.com/images/G/01/imdb/js/collections/pagelayout-2226816773._CB465113687_.js, line 8: TypeError: b.d is undefined
[Parent 23997, Gecko_IOThread] WARNING: pipe error (79): 接続が相手からリセットされました: file /build/firefox-i2nBcb/firefox-66.0.3+build1/ipc/chromium/src/chrome/common/ipc_channel_posix.cc, line 357
1556867196872	Marionette	INFO	Stopped listening on port 45171
[Parent 24279, Gecko_IOThread] WARNING: pipe error (82): 接続が相手からリセットされました: file /build/firefox-i2nBcb/firefox-66.0.3+build1/ipc/chromium/src/chrome/common/ipc_channel_posix.cc, line 357
1556867215289	Marionette	INFO	Stopped listening on port 36810
1556867280324	mozrunner::runner	INFO	Running command: "/usr/bin/firefox" "-marionette" "-foreground" "-no-remote" "-profile" "/tmp/rust_mozprofile.3a97KHYfM58m"
1556867280677	addons.webextension.screenshots@mozilla.org	WARN	Loading extension 'screenshots@mozilla.org': Reading manifest: Invalid extension permission: mozillaAddons
1556867280677	addons.webextension.screenshots@mozilla.org	WARN	Loading extension 'screenshots@mozilla.org': Reading manifest: Invalid extension permission: resource://pdf.js/
1556867280677	addons.webextension.screenshots@mozilla.org	WARN	Loading extension 'screenshots@mozilla.org': Reading manifest: Invalid extension permission: about:reader*
1556867282165	Marionette	INFO	Listening on port 44630
1556867282249	Marionette	WARN	TLS certificate errors will be ignored for this session
JavaScript error: https://m.media-amazon.com/images/G/01/imdb/js/collections/pagelayout-2226816773._CB465113687_.js, line 8: TypeError: b.d is undefined
JavaScript error: https://m.media-amazon.com/images/G/01/imdb/js/collections/pagelayout-2226816773._CB465113687_.js, line 8: TypeError: b.d is undefined
JavaScript error: https://m.media-amazon.com/images/G/01/imdb/js/collections/pagelayout-2226816773._CB465113687_.js, line 8: TypeError: b.d is undefined
JavaScript error: https://m.media-amazon.com/images/G/01/imdb/js/collections/pagelayout-2226816773._CB465113687_.js, line 8: TypeError: b.d is undefined
1556867320416	Marionette	INFO	Stopped listening on port 44630
1556867323071	mozrunner::runner	INFO	Running command: "/usr/bin/firefox" "-marionette" "-foreground" "-no-remote" "-profile" "/tmp/rust_mozprofile.Vmnved2hakYF"
1556867323429	addons.webextension.screenshots@mozilla.org	WARN	Loading extension 'screenshots@mozilla.org': Reading manifest: Invalid extension permission: mozillaAddons
1556867323429	addons.webextension.screenshots@mozilla.org	WARN	Loading extension 'screenshots@mozilla.org': Reading manifest: Invalid extension permission: resource://pdf.js/
1556867323430	addons.webextension.screenshots@mozilla.org	WARN	Loading extension 'screenshots@mozilla.org': Reading manifest: Invalid extension permission: about:reader*
1556867324904	Marionette	INFO	Listening on port 44305
1556867324980	Marionette	WARN	TLS certificate errors will be ignored for this session
JavaScript error: resource://gre/modules/WebProgressChild.jsm, line 61: TypeError: this.mm.content is null
[Parent 24828, Gecko_IOThread] WARNING: pipe error (82): 接続が相手からリセットされました: file /build/firefox-i2nBcb/firefox-66.0.3+build1/ipc/chromium/src/chrome/common/ipc_channel_posix.cc, line 357
[Parent 24828, Gecko_IOThread] WARNING: pipe error (115): 接続が相手からリセットされました: file /build/firefox-i2nBcb/firefox-66.0.3+build1/ipc/chromium/src/chrome/common/ipc_channel_posix.cc, line 357
[Parent 24828, Gecko_IOThread] WARNING: pipe error (79): 接続が相手からリセットされました: file /build/firefox-i2nBcb/firefox-66.0.3+build1/ipc/chromium/src/chrome/common/ipc_channel_posix.cc, line 357
1556867350133	Marionette	INFO	Stopped listening on port 44305
1556867360753	mozrunner::runner	INFO	Running command: "/usr/bin/firefox" "-marionette" "-foreground" "-no-remote" "-profile" "/tmp/rust_mozprofile.3AOjjq8EYkIg"
1556867361108	addons.webextension.screenshots@mozilla.org	WARN	Loading extension 'screenshots@mozilla.org': Reading manifest: Invalid extension permission: mozillaAddons
1556867361108	addons.webextension.screenshots@mozilla.org	WARN	Loading extension 'screenshots@mozilla.org': Reading manifest: Invalid extension permission: resource://pdf.js/
1556867361108	addons.webextension.screenshots@mozilla.org	WARN	Loading extension 'screenshots@mozilla.org': Reading manifest: Invalid extension permission: about:reader*
1556867362599	Marionette	INFO	Listening on port 44372
1556867362675	Marionette	WARN	TLS certificate errors will be ignored for this session
JavaScript error: https://m.media-amazon.com/images/G/01/imdb/js/collections/pagelayout-2226816773._CB465113687_.js, line 8: TypeError: b.d is undefined
JavaScript error: https://m.media-amazon.com/images/G/01/imdb/js/collections/pagelayout-2226816773._CB465113687_.js, line 8: TypeError: b.d is undefined
JavaScript error: https://m.media-amazon.com/images/G/01/imdb/js/collections/pagelayout-2226816773._CB465113687_.js, line 8: TypeError: b.d is undefined
JavaScript error: https://m.media-amazon.com/images/G/01/imdb/js/collections/pagelayout-2226816773._CB465113687_.js, line 8: TypeError: b.d is undefined
1556867373092	Marionette	INFO	Stopped listening on port 44372
JavaScript error: resource://gre/modules/WebProgressChild.jsm, line 61: TypeError: this.mm.content is null
[Parent 25098, Gecko_IOThread] WARNING: pipe error (79): 接続が相手からリセットされました: file /build/firefox-i2nBcb/firefox-66.0.3+build1/ipc/chromium/src/chrome/common/ipc_channel_posix.cc, line 357
1556867460737	mozrunner::runner	INFO	Running command: "/usr/bin/firefox" "-marionette" "-foreground" "-no-remote" "-profile" "/tmp/rust_mozprofile.csKDDSbC1kQM"
1556867461090	addons.webextension.screenshots@mozilla.org	WARN	Loading extension 'screenshots@mozilla.org': Reading manifest: Invalid extension permission: mozillaAddons
1556867461090	addons.webextension.screenshots@mozilla.org	WARN	Loading extension 'screenshots@mozilla.org': Reading manifest: Invalid extension permission: resource://pdf.js/
1556867461090	addons.webextension.screenshots@mozilla.org	WARN	Loading extension 'screenshots@mozilla.org': Reading manifest: Invalid extension permission: about:reader*
1556867462541	Marionette	INFO	Listening on port 37090
1556867462552	Marionette	WARN	TLS certificate errors will be ignored for this session
JavaScript error: https://m.media-amazon.com/images/G/01/imdb/js/collections/pagelayout-2226816773._CB465113687_.js, line 8: TypeError: b.d is undefined
JavaScript error: https://m.media-amazon.com/images/G/01/imdb/js/collections/pagelayout-2226816773._CB465113687_.js, line 8: TypeError: b.d is undefined
JavaScript error: https://m.media-amazon.com/images/G/01/imdb/js/collections/pagelayout-2226816773._CB465113687_.js, line 8: TypeError: b.d is undefined
JavaScript error: https://m.media-amazon.com/images/G/01/imdb/js/collections/pagelayout-2226816773._CB465113687_.js, line 8: TypeError: b.d is undefined
1556867471558	Marionette	INFO	Stopped listening on port 37090
JavaScript error: resource://gre/modules/WebProgressChild.jsm, line 61: TypeError: this.mm.content is null
1556867489902	mozrunner::runner	INFO	Running command: "/usr/bin/firefox" "-marionette" "-foreground" "-no-remote" "-profile" "/tmp/rust_mozprofile.QzBlgnPtNnbF"
1556867490258	addons.webextension.screenshots@mozilla.org	WARN	Loading extension 'screenshots@mozilla.org': Reading manifest: Invalid extension permission: mozillaAddons
1556867490258	addons.webextension.screenshots@mozilla.org	WARN	Loading extension 'screenshots@mozilla.org': Reading manifest: Invalid extension permission: resource://pdf.js/
1556867490258	addons.webextension.screenshots@mozilla.org	WARN	Loading extension 'screenshots@mozilla.org': Reading manifest: Invalid extension permission: about:reader*
1556867491666	Marionette	INFO	Listening on port 39510
1556867491714	Marionette	WARN	TLS certificate errors will be ignored for this session
JavaScript error: https://m.media-amazon.com/images/G/01/imdb/js/collections/pagelayout-2226816773._CB465113687_.js, line 8: TypeError: b.d is undefined
JavaScript error: https://m.media-amazon.com/images/G/01/imdb/js/collections/pagelayout-2226816773._CB465113687_.js, line 8: TypeError: C.d is undefined
JavaScript error: https://m.media-amazon.com/images/G/01/imdb/js/collections/pagelayout-2226816773._CB465113687_.js, line 8: TypeError: C.d is undefined
JavaScript error: https://m.media-amazon.com/images/G/01/imdb/js/collections/pagelayout-2226816773._CB465113687_.js, line 8: TypeError: C.d is undefined
JavaScript error: https://m.media-amazon.com/images/G/01/imdb/js/collections/pagelayout-2226816773._CB465113687_.js, line 8: TypeError: C.d is undefined
JavaScript error: https://m.media-amazon.com/images/G/01/imdb/js/collections/pagelayout-2226816773._CB465113687_.js, line 8: TypeError: C.d is undefined
JavaScript error: https://m.media-amazon.com/images/G/01/imdb/js/collections/pagelayout-2226816773._CB465113687_.js, line 8: TypeError: C.d is undefined
JavaScript error: https://m.media-amazon.com/images/G/01/imdb/js/collections/pagelayout-2226816773._CB465113687_.js, line 8: TypeError: C.d is undefined
1556867501407	Marionette	INFO	Stopped listening on port 39510
